<?xml version="1.0" encoding="UTF-8"?>
<!DOCTYPE suite SYSTEM "http://testng.org/testng-1.0.dtd">

<suite name="All Test Suite" configfailurepolicy="continue" >
    <test verbose="2" name="test-ng.xml">
        <classes>
            <class name="">
                <methods>

                </methods>

            </class>

        </classes>
    </test>
</suite>